TN:
SF:src/bikes/application/BikeConfiguratorCreator.ts
FN:5,run
FNF:1
FNH:1
FNDA:5,run
DA:1,1
DA:2,1
DA:3,1
DA:4,1
DA:5,1
DA:6,5
DA:7,5
DA:8,5
DA:9,5
DA:10,5
DA:11,1
LF:11
LH:11
BRDA:5,0,0,5
BRF:1
BRH:1
end_of_record
TN:
SF:src/bikes/domain/BikeConfigurator.ts
FN:8,BikeConfigurator
FN:12,validateConfiguration
FN:22,calculatePrice
FNF:3
FNH:3
FNDA:5,BikeConfigurator
FNDA:5,validateConfiguration
FNDA:3,calculatePrice
DA:1,1
DA:2,1
DA:3,1
DA:4,1
DA:5,1
DA:6,1
DA:7,1
DA:8,1
DA:9,5
DA:10,5
DA:11,1
DA:12,1
DA:13,5
DA:14,5
DA:15,5
DA:16,5
DA:17,5
DA:18,2
DA:19,2
DA:20,5
DA:21,1
DA:22,1
DA:23,3
DA:24,3
DA:25,3
DA:26,3
DA:27,3
DA:28,3
DA:29,3
DA:30,3
DA:31,3
DA:32,3
DA:33,3
DA:34,3
DA:35,3
DA:36,3
DA:37,3
DA:38,1
LF:38
LH:38
BRDA:8,0,0,5
BRDA:12,1,0,5
BRDA:17,2,0,2
BRDA:14,3,0,10
BRDA:15,4,0,2
BRDA:22,5,0,3
BRDA:33,6,0,6
BRDA:34,7,0,2
BRF:8
BRH:8
end_of_record
TN:
SF:src/bikes/domain/rules/ValidationComponents.ts
FN:3,configuratorRules
FN:5,condition
FN:11,condition
FNF:3
FNH:3
FNDA:5,configuratorRules
FNDA:5,condition
FNDA:5,condition
DA:1,1
DA:2,1
DA:3,1
DA:4,5
DA:5,5
DA:6,5
DA:7,5
DA:8,5
DA:9,5
DA:10,5
DA:11,5
DA:12,5
DA:13,5
DA:14,5
DA:15,5
DA:16,1
DA:17,1
LF:17
LH:17
BRDA:3,0,0,5
BRDA:5,1,0,5
BRDA:6,2,0,1
BRDA:11,3,0,5
BRDA:12,4,0,2
BRF:5
BRH:5
end_of_record
TN:
SF:src/bikes/domain/rules/ValidationPrices.ts
FN:35,conditionalPrices
FN:37,condition
FN:43,condition
FNF:3
FNH:3
FNDA:3,conditionalPrices
FNDA:3,condition
FNDA:3,condition
DA:1,1
DA:2,1
DA:3,1
DA:4,1
DA:5,1
DA:6,1
DA:7,1
DA:8,1
DA:9,1
DA:10,1
DA:11,1
DA:12,1
DA:13,1
DA:14,1
DA:15,1
DA:16,1
DA:17,1
DA:18,1
DA:19,1
DA:20,1
DA:21,1
DA:22,1
DA:23,1
DA:24,1
DA:25,1
DA:26,1
DA:27,1
DA:28,1
DA:29,1
DA:30,1
DA:31,1
DA:32,1
DA:33,1
DA:34,1
DA:35,1
DA:36,3
DA:37,3
DA:38,3
DA:39,3
DA:40,3
DA:41,3
DA:42,3
DA:43,3
DA:44,3
DA:45,3
DA:46,3
DA:47,3
LF:47
LH:47
BRDA:35,0,0,3
BRDA:37,1,0,3
BRDA:38,2,0,1
BRDA:43,3,0,3
BRDA:44,4,0,1
BRF:5
BRH:5
end_of_record
